<?xml version="1.0" encoding="UTF-8"?>
<testsuite xmlns:xsi="http://www.w3.org/2001/XMLSchema-instance" xsi:noNamespaceSchemaLocation="https://maven.apache.org/surefire/maven-surefire-plugin/xsd/surefire-test-report-3.0.xsd" version="3.0" name="com.portfolio.service.OptimizarServiceTest" time="3.282" tests="5" errors="0" skipped="0" failures="0">
  <properties>
[...]
</properties>
  <testcase name="testCapacidadCero" classname="com.portfolio.service.OptimizarServiceTest" time="0.186">
    <system-out><![CDATA[20:09:19.744 [main] DEBUG org.springframework.test.context.BootstrapUtils - Instantiating CacheAwareContextLoaderDelegate from class [org.springframework.test.context.cache.DefaultCacheAwareContextLoaderDelegate]
20:09:19.750 [main] DEBUG org.springframework.test.context.BootstrapUtils - Instantiating BootstrapContext using constructor [public org.springframework.test.context.support.DefaultBootstrapContext(java.lang.Class,org.springframework.test.context.CacheAwareContextLoaderDelegate)]
20:09:19.771 [main] DEBUG org.springframework.test.context.BootstrapUtils - Instantiating TestContextBootstrapper for test class [com.portfolio.service.OptimizarServiceTest] from class [org.springframework.boot.test.context.SpringBootTestContextBootstrapper]
20:09:19.777 [main] INFO org.springframework.boot.test.context.SpringBootTestContextBootstrapper - Neither @ContextConfiguration nor @ContextHierarchy found for test class [com.portfolio.service.OptimizarServiceTest], using SpringBootContextLoader
20:09:19.779 [main] DEBUG org.springframework.test.context.support.AbstractContextLoader - Did not detect default resource location for test class [com.portfolio.service.OptimizarServiceTest]: class path resource [com/portfolio/service/OptimizarServiceTest-context.xml] does not exist
20:09:19.780 [main] DEBUG org.springframework.test.context.support.AbstractContextLoader - Did not detect default resource location for test class [com.portfolio.service.OptimizarServiceTest]: class path resource [com/portfolio/service/OptimizarServiceTestContext.groovy] does not exist
20:09:19.780 [main] INFO org.springframework.test.context.support.AbstractContextLoader - Could not detect default resource locations for test class [com.portfolio.service.OptimizarServiceTest]: no resource found for suffixes {-context.xml, Context.groovy}.
20:09:19.780 [main] INFO org.springframework.test.context.support.AnnotationConfigContextLoaderUtils - Could not detect default configuration classes for test class [com.portfolio.service.OptimizarServiceTest]: OptimizarServiceTest does not declare any static, non-private, non-final, nested classes annotated with @Configuration.
20:09:19.806 [main] DEBUG org.springframework.test.context.support.ActiveProfilesUtils - Could not find an 'annotation declaring class' for annotation type [org.springframework.test.context.ActiveProfiles] and class [com.portfolio.service.OptimizarServiceTest]
20:09:19.854 [main] DEBUG org.springframework.context.annotation.ClassPathScanningCandidateComponentProvider - Identified candidate component class: file [C:\Users\javie\Desktop\Examen Final\Backend\target\classes\com\portfolio\PortfolioApplication.class]
20:09:19.855 [main] INFO org.springframework.boot.test.context.SpringBootTestContextBootstrapper - Found @SpringBootConfiguration com.portfolio.PortfolioApplication for test class com.portfolio.service.OptimizarServiceTest
20:09:19.903 [main] DEBUG org.springframework.boot.test.context.SpringBootTestContextBootstrapper - @TestExecutionListeners is not present for class [com.portfolio.service.OptimizarServiceTest]: using defaults.
20:09:19.903 [main] INFO org.springframework.boot.test.context.SpringBootTestContextBootstrapper - Loaded default TestExecutionListener class names from location [META-INF/spring.factories]: [org.springframework.boot.test.mock.mockito.MockitoTestExecutionListener, org.springframework.boot.test.mock.mockito.ResetMocksTestExecutionListener, org.springframework.boot.test.autoconfigure.restdocs.RestDocsTestExecutionListener, org.springframework.boot.test.autoconfigure.web.client.MockRestServiceServerResetTestExecutionListener, org.springframework.boot.test.autoconfigure.web.servlet.MockMvcPrintOnlyOnFailureTestExecutionListener, org.springframework.boot.test.autoconfigure.web.servlet.WebDriverTestExecutionListener, org.springframework.boot.test.autoconfigure.webservices.client.MockWebServiceServerTestExecutionListener, org.springframework.test.context.web.ServletTestExecutionListener, org.springframework.test.context.support.DirtiesContextBeforeModesTestExecutionListener, org.springframework.test.context.event.ApplicationEventsTestExecutionListener, org.springframework.test.context.support.DependencyInjectionTestExecutionListener, org.springframework.test.context.support.DirtiesContextTestExecutionListener, org.springframework.test.context.transaction.TransactionalTestExecutionListener, org.springframework.test.context.jdbc.SqlScriptsTestExecutionListener, org.springframework.test.context.event.EventPublishingTestExecutionListener]
20:09:19.911 [main] INFO org.springframework.boot.test.context.SpringBootTestContextBootstrapper - Using TestExecutionListeners: [org.springframework.test.context.web.ServletTestExecutionListener@1b835480, org.springframework.test.context.support.DirtiesContextBeforeModesTestExecutionListener@3549bca9, org.springframework.test.context.event.ApplicationEventsTestExecutionListener@4f25b795, org.springframework.boot.test.mock.mockito.MockitoTestExecutionListener@6fb365ed, org.springframework.boot.test.autoconfigure.SpringBootDependencyInjectionTestExecutionListener@6e950bcf, org.springframework.test.context.support.DirtiesContextTestExecutionListener@16414e40, org.springframework.test.context.transaction.TransactionalTestExecutionListener@74bada02, org.springframework.test.context.jdbc.SqlScriptsTestExecutionListener@525575, org.springframework.test.context.event.EventPublishingTestExecutionListener@46dffdc3, org.springframework.boot.test.mock.mockito.ResetMocksTestExecutionListener@5a709816, org.springframework.boot.test.autoconfigure.restdocs.RestDocsTestExecutionListener@78383390, org.springframework.boot.test.autoconfigure.web.client.MockRestServiceServerResetTestExecutionListener@6ad3381f, org.springframework.boot.test.autoconfigure.web.servlet.MockMvcPrintOnlyOnFailureTestExecutionListener@53dbe163, org.springframework.boot.test.autoconfigure.web.servlet.WebDriverTestExecutionListener@db57326, org.springframework.boot.test.autoconfigure.webservices.client.MockWebServiceServerTestExecutionListener@34a875b3]
20:09:19.913 [main] DEBUG org.springframework.test.context.support.AbstractDirtiesContextTestExecutionListener - Before test class: context [DefaultTestContext@33fe57a9 testClass = OptimizarServiceTest, testInstance = [null], testMethod = [null], testException = [null], mergedContextConfiguration = [WebMergedContextConfiguration@4982cc36 testClass = OptimizarServiceTest, locations = '{}', classes = '{class com.portfolio.PortfolioApplication}', contextInitializerClasses = '[]', activeProfiles = '{}', propertySourceLocations = '{}', propertySourceProperties = '{org.springframework.boot.test.context.SpringBootTestContextBootstrapper=true}', contextCustomizers = set[org.springframework.boot.test.context.filter.ExcludeFilterContextCustomizer@1ca3b418, org.springframework.boot.test.json.DuplicateJsonObjectContextCustomizerFactory$DuplicateJsonObjectContextCustomizer@7161d8d1, org.springframework.boot.test.mock.mockito.MockitoContextCustomizer@0, org.springframework.boot.test.web.client.TestRestTemplateContextCustomizer@4b29d1d2, org.springframework.boot.test.autoconfigure.actuate.metrics.MetricsExportContextCustomizerFactory$DisableMetricExportContextCustomizer@5afa3c9, org.springframework.boot.test.autoconfigure.properties.PropertyMappingContextCustomizer@0, org.springframework.boot.test.autoconfigure.web.servlet.WebDriverContextCustomizerFactory$Customizer@5b247367, org.springframework.boot.test.context.SpringBootTestArgs@1, org.springframework.boot.test.context.SpringBootTestWebEnvironment@6cc7b4de], resourceBasePath = 'src/main/webapp', contextLoader = 'org.springframework.boot.test.context.SpringBootContextLoader', parent = [null]], attributes = map['org.springframework.test.context.web.ServletTestExecutionListener.activateListener' -> true]], class annotated with @DirtiesContext [false] with mode [null].

  .   ____          _            __ _ _
 /\\ / ___'_ __ _ _(_)_ __  __ _ \ \ \ \
( ( )\___ | '_ | '_| | '_ \/ _` | \ \ \ \
 \\/  ___)| |_)| | | | | || (_| |  ) ) ) )
  '  |____| .__|_| |_|_| |_\__, | / / / /
 =========|_|==============|___/=/_/_/_/
 :: Spring Boot ::                (v2.7.5)

2025-08-15 20:09:20.076  INFO 20220 --- [           main] c.p.service.OptimizarServiceTest         : Starting OptimizarServiceTest using Java 21.0.6 on Javi-PC with PID 20220 (started by javie in C:\Users\javie\Desktop\Examen Final\Backend)
2025-08-15 20:09:20.077  INFO 20220 --- [           main] c.p.service.OptimizarServiceTest         : No active profile set, falling back to 1 default profile: "default"
2025-08-15 20:09:20.514  INFO 20220 --- [           main] .s.d.r.c.RepositoryConfigurationDelegate : Bootstrapping Spring Data JPA repositories in DEFAULT mode.
2025-08-15 20:09:20.542  INFO 20220 --- [           main] .s.d.r.c.RepositoryConfigurationDelegate : Finished Spring Data repository scanning in 24 ms. Found 2 JPA repository interfaces.
2025-08-15 20:09:20.969  INFO 20220 --- [           main] o.hibernate.jpa.internal.util.LogHelper  : HHH000204: Processing PersistenceUnitInfo [name: default]
2025-08-15 20:09:21.019  INFO 20220 --- [           main] org.hibernate.Version                    : HHH000412: Hibernate ORM core version 5.6.12.Final
2025-08-15 20:09:21.108  INFO 20220 --- [           main] o.hibernate.annotations.common.Version   : HCANN000001: Hibernate Commons Annotations {5.1.2.Final}
2025-08-15 20:09:21.199  INFO 20220 --- [           main] com.zaxxer.hikari.HikariDataSource       : HikariPool-1 - Starting...
2025-08-15 20:09:21.282  INFO 20220 --- [           main] com.zaxxer.hikari.HikariDataSource       : HikariPool-1 - Start completed.
2025-08-15 20:09:21.300  INFO 20220 --- [           main] org.hibernate.dialect.Dialect            : HHH000400: Using dialect: org.hibernate.dialect.MariaDBDialect
2025-08-15 20:09:21.618  INFO 20220 --- [           main] o.h.e.t.j.p.i.JtaPlatformInitiator       : HHH000490: Using JtaPlatform implementation: [org.hibernate.engine.transaction.jta.platform.internal.NoJtaPlatform]
2025-08-15 20:09:21.622  INFO 20220 --- [           main] j.LocalContainerEntityManagerFactoryBean : Initialized JPA EntityManagerFactory for persistence unit 'default'
2025-08-15 20:09:22.176  WARN 20220 --- [           main] JpaBaseConfiguration$JpaWebConfiguration : spring.jpa.open-in-view is enabled by default. Therefore, database queries may be performed during view rendering. Explicitly configure spring.jpa.open-in-view to disable this warning
2025-08-15 20:09:22.749  INFO 20220 --- [           main] c.p.service.OptimizarServiceTest         : Started OptimizarServiceTest in 2.814 seconds (JVM running for 3.37)
Hibernate: insert into resultados (fecha, ganancia_total, peso_total, proyectos_seleccionados) values (?, ?, ?, ?)
]]></system-out>
  </testcase>
  <testcase name="testCasoNormal" classname="com.portfolio.service.OptimizarServiceTest" time="0.007">
    <system-out><![CDATA[Hibernate: insert into resultados (fecha, ganancia_total, peso_total, proyectos_seleccionados) values (?, ?, ?, ?)
]]></system-out>
  </testcase>
  <testcase name="testProyectoMayorQueCapacidad" classname="com.portfolio.service.OptimizarServiceTest" time="0.006">
    <system-out><![CDATA[Hibernate: insert into resultados (fecha, ganancia_total, peso_total, proyectos_seleccionados) values (?, ?, ?, ?)
]]></system-out>
  </testcase>
  <testcase name="testSinProyectos" classname="com.portfolio.service.OptimizarServiceTest" time="0.005">
    <system-out><![CDATA[Hibernate: insert into resultados (fecha, ganancia_total, peso_total, proyectos_seleccionados) values (?, ?, ?, ?)
]]></system-out>
  </testcase>
  <testcase name="testTodosProyectosCabida" classname="com.portfolio.service.OptimizarServiceTest" time="0.008">
    <system-out><![CDATA[Hibernate: insert into resultados (fecha, ganancia_total, peso_total, proyectos_seleccionados) values (?, ?, ?, ?)
]]></system-out>
  </testcase>
</testsuite>